<?xml version="1.0" encoding="UTF-8"?>
<!-- Generated by org.testng.reporters.JUnitReportReporter -->
<testsuite hostname="SrinivasBinary" failures="0" tests="7" name="StepDefinition.TestNG_demo_EdgeDriver" time="26.150" errors="0" timestamp="2023-04-05T22:15:32 IST" skipped="1">
  <testcase classname="StepDefinition.TestNG_demo_EdgeDriver" name="launch_Application" time="6.182"/>
  <system-out>
    <![CDATA[Executing launch_Application]]>
  </system-out>
  <testcase classname="StepDefinition.TestNG_demo_EdgeDriver" name="login" time="0.624"/>
  <system-out/>
  <testcase classname="StepDefinition.TestNG_demo_EdgeDriver" name="add_product" time="7.356"/>
  <system-out>
    <![CDATA[adding product ]]>
  </system-out>
  <testcase classname="StepDefinition.TestNG_demo_EdgeDriver" name="customer_info" time="0.585"/>
  <system-out>
    <![CDATA[processing customer_Info]]>
  </system-out>
  <testcase classname="StepDefinition.TestNG_demo_EdgeDriver" name="check_out" time="7.204"/>
  <system-out>
    <![CDATA[processing check_out]]>
  </system-out>
  <testcase classname="StepDefinition.TestNG_demo_EdgeDriver" name="Logout" time="4.199"/>
  <system-out>
    <![CDATA[Executing Logout]]>
  </system-out>
  <testcase classname="StepDefinition.TestNG_demo_EdgeDriver" name="paymentDetails">
    <skipped/>
  </testcase> <!-- paymentDetails -->
  <system-out/>
</testsuite> <!-- StepDefinition.TestNG_demo_EdgeDriver -->
