<?xml version="1.0" encoding="UTF-8"?>
<!-- Generated by org.testng.reporters.JUnitReportReporter -->
<testsuite hostname="SrinivasBinary" failures="0" tests="7" name="StepDefinition.TestNG_demo_Class_Parameter" time="28.483" errors="0" timestamp="2023-04-05T20:23:18 IST" skipped="1">
  <testcase classname="StepDefinition.TestNG_demo_Class_Parameter" name="launch_Application" time="5.590"/>
  <system-out>
    <![CDATA[Executing launch_Application]]>
  </system-out>
  <testcase classname="StepDefinition.TestNG_demo_Class_Parameter" name="login" time="0.508"/>
  <system-out/>
  <testcase classname="StepDefinition.TestNG_demo_Class_Parameter" name="add_product" time="7.346"/>
  <system-out>
    <![CDATA[adding product ]]>
  </system-out>
  <testcase classname="StepDefinition.TestNG_demo_Class_Parameter" name="customer_info" time="0.534"/>
  <system-out>
    <![CDATA[processing customer_Info]]>
  </system-out>
  <testcase classname="StepDefinition.TestNG_demo_Class_Parameter" name="check_out" time="7.200"/>
  <system-out>
    <![CDATA[processing check_out]]>
  </system-out>
  <testcase classname="StepDefinition.TestNG_demo_Class_Parameter" name="Logout" time="7.305"/>
  <system-out>
    <![CDATA[Executing Logout]]>
  </system-out>
  <testcase classname="StepDefinition.TestNG_demo_Class_Parameter" name="paymentDetails">
    <skipped/>
  </testcase> <!-- paymentDetails -->
  <system-out/>
</testsuite> <!-- StepDefinition.TestNG_demo_Class_Parameter -->
