<?xml version="1.0" encoding="UTF-8"?>
<!-- Generated by org.testng.reporters.JUnitReportReporter -->
<testsuite hostname="SrinivasBinary" failures="0" tests="7" name="StepDefinition.TestNG_demo_Class2" time="27.953" errors="0" timestamp="2023-04-05T20:30:12 IST" skipped="1">
  <testcase classname="StepDefinition.TestNG_demo_Class2" name="launch_Application" time="5.011"/>
  <system-out>
    <![CDATA[Executing launch_Application]]>
  </system-out>
  <testcase classname="StepDefinition.TestNG_demo_Class2" name="login" time="0.569"/>
  <system-out/>
  <testcase classname="StepDefinition.TestNG_demo_Class2" name="add_product" time="7.357"/>
  <system-out>
    <![CDATA[adding product ]]>
  </system-out>
  <testcase classname="StepDefinition.TestNG_demo_Class2" name="customer_info" time="0.515"/>
  <system-out>
    <![CDATA[processing customer_Info]]>
  </system-out>
  <testcase classname="StepDefinition.TestNG_demo_Class2" name="check_out" time="7.193"/>
  <system-out>
    <![CDATA[processing check_out]]>
  </system-out>
  <testcase classname="StepDefinition.TestNG_demo_Class2" name="Logout" time="7.308"/>
  <system-out>
    <![CDATA[Executing Logout]]>
  </system-out>
  <testcase classname="StepDefinition.TestNG_demo_Class2" name="paymentDetails">
    <skipped/>
  </testcase> <!-- paymentDetails -->
  <system-out/>
</testsuite> <!-- StepDefinition.TestNG_demo_Class2 -->
