<?xml version="1.0" encoding="UTF-8"?>
<!-- Generated by org.testng.reporters.JUnitReportReporter -->
<testsuite hostname="SrinivasBinary" failures="0" tests="7" name="StepDefinition.TestNG_demo_Class" time="90.167" errors="0" timestamp="2023-04-05T20:29:28 IST" skipped="1">
  <testcase classname="StepDefinition.TestNG_demo_Class" name="launch_Application" time="66.676"/>
  <system-out>
    <![CDATA[Executing launch_Application]]>
  </system-out>
  <testcase classname="StepDefinition.TestNG_demo_Class" name="login" time="0.532"/>
  <system-out/>
  <testcase classname="StepDefinition.TestNG_demo_Class" name="add_product" time="7.550"/>
  <system-out>
    <![CDATA[adding product ]]>
  </system-out>
  <testcase classname="StepDefinition.TestNG_demo_Class" name="customer_info" time="0.736"/>
  <system-out>
    <![CDATA[processing customer_Info]]>
  </system-out>
  <testcase classname="StepDefinition.TestNG_demo_Class" name="check_out" time="7.258"/>
  <system-out>
    <![CDATA[processing check_out]]>
  </system-out>
  <testcase classname="StepDefinition.TestNG_demo_Class" name="Logout" time="7.415"/>
  <system-out>
    <![CDATA[Executing Logout]]>
  </system-out>
  <testcase classname="StepDefinition.TestNG_demo_Class" name="paymentDetails">
    <skipped/>
  </testcase> <!-- paymentDetails -->
  <system-out/>
</testsuite> <!-- StepDefinition.TestNG_demo_Class -->
